<?xml version="1.0" encoding="UTF-8"?>
<testng-results ignored="0" total="1" passed="1" failed="0" skipped="0">
  <reporter-output>
  </reporter-output>
  <suite started-at="2024-03-11T10:44:36 IST" name="Default suite" finished-at="2024-03-11T10:46:06 IST" duration-ms="89702">
    <groups>
    </groups>
    <test started-at="2024-03-11T10:44:36 IST" name="Default test" finished-at="2024-03-11T10:46:06 IST" duration-ms="89702">
      <class name="org.avinash.HybriedTC_05">
        <test-method is-config="true" signature="GeneralTest()[pri:0, instance:org.avinash.HybriedTC_05@4135c3b]" started-at="2024-03-11T10:44:36 IST" name="GeneralTest" finished-at="2024-03-11T10:45:07 IST" duration-ms="30505" status="PASS">
          <reporter-output>
          </reporter-output>
        </test-method> <!-- GeneralTest -->
        <test-method signature="Browser()[pri:0, instance:org.avinash.HybriedTC_05@4135c3b]" started-at="2024-03-11T10:45:07 IST" name="Browser" finished-at="2024-03-11T10:46:03 IST" duration-ms="56598" status="PASS">
          <reporter-output>
          </reporter-output>
        </test-method> <!-- Browser -->
        <test-method is-config="true" signature="tearDown()[pri:0, instance:org.avinash.HybriedTC_05@4135c3b]" started-at="2024-03-11T10:46:03 IST" name="tearDown" finished-at="2024-03-11T10:46:06 IST" duration-ms="2539" status="PASS">
          <reporter-output>
          </reporter-output>
        </test-method> <!-- tearDown -->
      </class> <!-- org.avinash.HybriedTC_05 -->
    </test> <!-- Default test -->
  </suite> <!-- Default suite -->
</testng-results>
